{
  "RSpec": {
    "coverage": {
      "/Users/chrismear/Development/Projects/oco/master/lib/one_click_orgs.rb": [
        1,
        1,
        1
      ],
      "/Users/chrismear/Development/Projects/oco/master/lib/one_click_orgs/setup.rb": [
        1,
        1,
        1,
        227,
        null,
        null,
        null
      ],
      "/Users/chrismear/Development/Projects/oco/master/lib/one_click_orgs/version.rb": [
        1,
        1,
        null,
        1,
        144,
        null,
        null,
        1,
        68,
        null,
        null
      ],
      "/Users/chrismear/Development/Projects/oco/master/lib/one_click_orgs/google_analytics.rb": [
        1,
        1,
        1,
        1,
        null,
        1,
        0,
        null,
        null,
        null
      ],
      "/Users/chrismear/Development/Projects/oco/master/lib/periodic_proposal_closer.rb": [
        1,
        1,
        0,
        0,
        null,
        null
      ],
      "/Users/chrismear/Development/Projects/oco/master/app/controllers/add_member_proposals_controller.rb": [
        1,
        1,
        0,
        null,
        0,
        null,
        null,
        1,
        10,
        null,
        10,
        10,
        10,
        6,
        6,
        null,
        4,
        4,
        null,
        null,
        null
      ],
      "/Users/chrismear/Development/Projects/oco/master/app/controllers/application_controller.rb": [
        1,
        1,
        1,
        1,
        null,
        1,
        1,
        null,
        1,
        1,
        1,
        1,
        1,
        1,
        1,
        null,
        null,
        null,
        null,
        null,
        null,
        1,
        2598,
        437,
        2,
        null,
        435,
        null,
        null,
        null,
        437,
        null,
        2598,
        null,
        1,
        null,
        1,
        null,
        null,
        null,
        1,
        1,
        1302,
        null,
        null,
        1,
        101,
        101,
        null,
        null,
        null,
        1,
        1399,
        1399,
        1399,
        1399,
        null,
        null,
        null,
        1,
        101,
        101,
        null,
        null,
        null,
        null,
        1,
        1,
        0,
        null,
        null,
        1,
        0,
        null,
        null,
        null,
        1,
        0,
        0,
        0,
        0,
        null,
        null,
        null,
        1,
        0,
        0,
        null,
        null,
        1,
        2,
        null,
        null,
        1,
        86,
        86,
        null,
        null,
        null,
        null,
        1,
        0,
        null,
        null,
        0,
        0,
        null,
        null,
        0,
        null,
        null,
        0,
        null,
        0,
        null,
        null,
        null,
        null,
        null,
        null,
        0,
        0,
        null,
        0,
        null,
        null,
        null,
        null,
        null,
        null,
        1,
        338,
        null,
        null,
        null,
        null,
        null,
        null,
        null,
        null,
        null,
        null,
        null,
        null,
        296,
        99,
        7,
        null,
        null,
        99,
        null,
        null,
        null,
        null,
        99,
        0,
        null,
        null,
        null,
        null,
        99,
        1,
        null,
        null,
        null,
        null,
        null,
        null,
        null,
        null,
        null,
        null,
        null,
        null,
        null,
        null,
        null,
        null,
        null,
        null,
        null,
        null,
        null,
        1,
        7,
        7,
        7,
        null,
        null,
        1,
        7,
        null,
        null,
        null,
        null,
        1,
        6,
        0,
        0,
        0,
        null,
        0,
        0,
        null,
        null,
        null,
        1,
        462,
        0,
        0,
        0,
        0,
        0,
        null,
        null,
        null,
        null,
        1,
        null,
        null,
        null,
        1,
        215,
        1,
        null,
        null,
        null,
        1,
        405,
        3,
        null,
        null,
        null,
        1,
        294,
        292,
        null,
        2,
        null,
        null,
        null,
        1,
        341,
        0,
        0,
        null,
        null,
        null,
        1,
        339,
        null,
        110,
        null,
        null,
        null,
        1,
        0,
        0,
        null,
        0,
        null,
        null,
        null,
        1,
        0,
        0,
        null,
        0,
        null,
        null,
        null,
        1,
        0,
        null,
        null,
        1,
        28,
        null,
        null,
        1,
        21,
        21,
        0,
        null,
        21,
        null,
        null,
        null,
        null,
        null,
        1,
        1,
        1,
        3,
        null,
        null,
        1,
        1,
        2,
        2,
        null,
        null,
        1,
        1,
        0,
        0,
        null,
        null,
        1,
        5,
        5,
        null,
        null,
        null,
        null,
        null,
        null,
        null,
        1,
        209,
        null,
        null,
        null,
        null,
        209,
        null,
        null,
        null,
        null
      ],
      "/Users/chrismear/Development/Projects/oco/master/lib/unauthenticated.rb": [
        1,
        null,
        null,
        1,
        null
      ],
      "/Users/chrismear/Development/Projects/oco/master/lib/not_found.rb": [
        1,
        null
      ],
      "/Users/chrismear/Development/Projects/oco/master/lib/one_click_orgs/organisation_resolver.rb": [
        1,
        null,
        1,
        null,
        null,
        null,
        null,
        null,
        null,
        null,
        null,
        null,
        null,
        null,
        null,
        null,
        null,
        null,
        null,
        null,
        null,
        1,
        null,
        null,
        null,
        null,
        null,
        1,
        454,
        454,
        null,
        null,
        1,
        null,
        1,
        1052,
        1052,
        1052,
        2104,
        null,
        1052,
        null,
        null,
        null
      ],
      "/Users/chrismear/Development/Projects/oco/master/app/helpers/application_helper.rb": [
        1,
        1,
        76,
        null,
        null,
        null,
        null,
        null,
        null,
        null,
        null,
        null,
        null,
        null,
        null,
        null,
        null,
        null,
        0,
        null,
        null,
        1,
        76,
        0,
        null,
        null,
        null,
        null,
        null,
        null,
        null,
        null,
        null,
        null,
        null,
        0,
        0,
        0,
        null,
        null,
        0,
        null,
        null,
        1,
        25,
        16,
        null,
        25,
        null,
        null,
        1,
        5,
        null,
        null,
        1,
        8,
        null,
        8,
        8,
        8,
        null,
        8,
        0,
        null,
        8,
        null,
        8,
        null,
        8,
        null,
        8,
        null,
        8,
        null,
        null,
        1,
        71,
        null,
        71,
        71,
        71,
        null,
        71,
        0,
        null,
        71,
        null,
        71,
        null,
        71,
        null,
        71,
        null,
        71,
        null,
        null,
        null
      ],
      "/Users/chrismear/Development/Projects/oco/master/app/helpers/add_member_proposals_helper.rb": [
        1,
        null
      ],
      "/Users/chrismear/Development/Projects/oco/master/app/helpers/administrator_sessions_helper.rb": [
        1,
        null
      ],
      "/Users/chrismear/Development/Projects/oco/master/app/helpers/associations_helper.rb": [
        1,
        null
      ],
      "/Users/chrismear/Development/Projects/oco/master/app/helpers/ballots_helper.rb": [
        1,
        null
      ],
      "/Users/chrismear/Development/Projects/oco/master/app/helpers/board_meetings_helper.rb": [
        1,
        null
      ],
      "/Users/chrismear/Development/Projects/oco/master/app/helpers/board_resolutions_helper.rb": [
        1,
        null
      ],
      "/Users/chrismear/Development/Projects/oco/master/app/helpers/change_meeting_notice_period_resolutions_helper.rb": [
        1,
        null
      ],
      "/Users/chrismear/Development/Projects/oco/master/app/helpers/change_member_class_proposals_helper.rb": [
        1,
        null
      ],
      "/Users/chrismear/Development/Projects/oco/master/app/helpers/change_quorum_resolutions_helper.rb": [
        1,
        null
      ],
      "/Users/chrismear/Development/Projects/oco/master/app/helpers/comments_helper.rb": [
        1,
        null
      ],
      "/Users/chrismear/Development/Projects/oco/master/app/helpers/companies_helper.rb": [
        1,
        null
      ],
      "/Users/chrismear/Development/Projects/oco/master/app/helpers/constitutions_helper.rb": [
        1,
        1,
        24,
        8,
        16,
        16,
        null,
        0,
        null,
        null,
        null
      ],
      "/Users/chrismear/Development/Projects/oco/master/app/helpers/coops_helper.rb": [
        1,
        null
      ],
      "/Users/chrismear/Development/Projects/oco/master/app/helpers/decisions_helper.rb": [
        1,
        null
      ],
      "/Users/chrismear/Development/Projects/oco/master/app/helpers/directors_helper.rb": [
        1,
        null
      ],
      "/Users/chrismear/Development/Projects/oco/master/app/helpers/directorships_helper.rb": [
        1,
        null
      ],
      "/Users/chrismear/Development/Projects/oco/master/app/helpers/eject_member_proposals_helper.rb": [
        1,
        null
      ],
      "/Users/chrismear/Development/Projects/oco/master/app/helpers/founding_members_helper.rb": [
        1,
        null
      ],
      "/Users/chrismear/Development/Projects/oco/master/app/helpers/general_meetings_helper.rb": [
        1,
        null
      ],
      "/Users/chrismear/Development/Projects/oco/master/app/helpers/invitations_helper.rb": [
        1,
        null
      ],
      "/Users/chrismear/Development/Projects/oco/master/app/helpers/meetings_helper.rb": [
        1,
        null
      ],
      "/Users/chrismear/Development/Projects/oco/master/app/helpers/member_sessions_helper.rb": [
        1,
        null
      ],
      "/Users/chrismear/Development/Projects/oco/master/app/helpers/members_helper.rb": [
        1,
        null
      ],
      "/Users/chrismear/Development/Projects/oco/master/app/helpers/membership_application_forms_helper.rb": [
        1,
        null
      ],
      "/Users/chrismear/Development/Projects/oco/master/app/helpers/officerships_helper.rb": [
        1,
        null
      ],
      "/Users/chrismear/Development/Projects/oco/master/app/helpers/one_click_helper.rb": [
        1,
        null
      ],
      "/Users/chrismear/Development/Projects/oco/master/app/helpers/organisations_helper.rb": [
        1,
        null
      ],
      "/Users/chrismear/Development/Projects/oco/master/app/helpers/proposals_helper.rb": [
        1,
        null
      ],
      "/Users/chrismear/Development/Projects/oco/master/app/helpers/registration_forms_helper.rb": [
        1,
        null
      ],
      "/Users/chrismear/Development/Projects/oco/master/app/helpers/reset_password_helper.rb": [
        1,
        null
      ],
      "/Users/chrismear/Development/Projects/oco/master/app/helpers/resolution_proposals_helper.rb": [
        1,
        null
      ],
      "/Users/chrismear/Development/Projects/oco/master/app/helpers/resolutions_helper.rb": [
        1,
        null
      ],
      "/Users/chrismear/Development/Projects/oco/master/app/helpers/setup_helper.rb": [
        1,
        null
      ],
      "/Users/chrismear/Development/Projects/oco/master/app/helpers/share_applications_helper.rb": [
        1,
        null
      ],
      "/Users/chrismear/Development/Projects/oco/master/app/helpers/share_transactions_helper.rb": [
        1,
        null
      ],
      "/Users/chrismear/Development/Projects/oco/master/app/helpers/shares_helper.rb": [
        1,
        null
      ],
      "/Users/chrismear/Development/Projects/oco/master/app/helpers/votes_helper.rb": [
        1,
        null
      ],
      "/Users/chrismear/Development/Projects/oco/master/app/models/add_member_proposal.rb": [
        1,
        1,
        null,
        1,
        null,
        1,
        1,
        15,
        null,
        null,
        1,
        1,
        15,
        15,
        15,
        4,
        8,
        null,
        null,
        null,
        null,
        1,
        1,
        9,
        null,
        null,
        1,
        3,
        3,
        1,
        null,
        2,
        2,
        2,
        null,
        null,
        null,
        1,
        8,
        null,
        null,
        1,
        10,
        null,
        null,
        1,
        8,
        null,
        null,
        1,
        10,
        null,
        null,
        1,
        8,
        null,
        null,
        1,
        10,
        null,
        null,
        1,
        16,
        null,
        null,
        1,
        0,
        null,
        null
      ],
      "/Users/chrismear/Development/Projects/oco/master/app/models/membership_proposal.rb": [
        1,
        1,
        1,
        null,
        null,
        1,
        2,
        null,
        null
      ],
      "/Users/chrismear/Development/Projects/oco/master/app/models/proposal.rb": [
        1,
        null,
        1,
        1,
        null,
        1,
        null,
        1,
        1,
        1,
        1,
        null,
        null,
        1,
        1,
        null,
        null,
        1,
        1,
        null,
        null,
        1,
        1,
        null,
        1,
        1,
        1,
        null,
        1,
        null,
        10,
        4,
        null,
        1,
        null,
        1,
        null,
        null,
        null,
        1,
        2,
        null,
        null,
        1,
        0,
        null,
        null,
        null,
        null,
        1,
        2,
        null,
        null,
        1,
        2,
        null,
        null,
        null,
        1,
        0,
        0,
        null,
        null,
        null,
        null,
        1,
        0,
        null,
        null,
        1,
        3,
        null,
        null,
        1,
        179,
        null,
        null,
        1,
        3,
        null,
        null,
        null,
        null,
        1,
        6,
        null,
        null,
        1,
        0,
        null,
        null,
        1,
        6,
        null,
        null,
        1,
        3,
        null,
        null,
        1,
        29,
        null,
        null,
        null,
        null,
        null,
        1,
        11,
        null,
        null,
        1,
        38,
        null,
        null,
        1,
        16,
        null,
        null,
        null,
        1,
        5,
        null,
        null,
        null,
        null,
        1,
        0,
        null,
        null,
        1,
        0,
        null,
        null,
        1,
        0,
        null,
        null,
        null,
        null,
        1,
        null,
        null,
        1,
        null,
        null,
        null,
        null,
        1,
        48,
        null,
        null,
        1,
        null,
        null,
        null,
        null,
        1,
        1,
        305,
        null,
        null,
        null,
        null,
        1,
        5,
        null,
        null,
        null,
        null,
        null,
        null,
        null,
        null,
        1,
        10,
        null,
        null
      ],
      "/Users/chrismear/Development/Projects/oco/master/lib/one_click_orgs/parameters_serialisation.rb": [
        1,
        null,
        1,
        1,
        null,
        null,
        null,
        null,
        null,
        null,
        null,
        1,
        2063,
        null,
        null,
        2063,
        null,
        null,
        null,
        1,
        604,
        null,
        null,
        null
      ],
      "/Users/chrismear/Development/Projects/oco/master/lib/one_click_orgs/parameters_hash.rb": [
        null,
        null,
        null,
        null,
        1,
        1,
        null,
        null,
        1,
        2063,
        null,
        null,
        1,
        587,
        587,
        null,
        null
      ],
      "/Users/chrismear/Development/Projects/oco/master/app/controllers/admin/coops_controller.rb": [
        1,
        1,
        1,
        1,
        null,
        1,
        1,
        null,
        1,
        null,
        1,
        0,
        0,
        0,
        null,
        null,
        1,
        0,
        0,
        0,
        0,
        null,
        null
      ],
      "/Users/chrismear/Development/Projects/oco/master/app/models/coop.rb": [
        1,
        null,
        1,
        1,
        null,
        1,
        null,
        null,
        1,
        1,
        1,
        null,
        null,
        1,
        1,
        null,
        null,
        1,
        1,
        null,
        null,
        1,
        null,
        null,
        1,
        1,
        1,
        null,
        1,
        1,
        1,
        1,
        null,
        1,
        1,
        null,
        1,
        1,
        1,
        1,
        1,
        null,
        1,
        null,
        1,
        1,
        1,
        null,
        1,
        null,
        1,
        null,
        1,
        1,
        null,
        1,
        1,
        null,
        null,
        1,
        1,
        1,
        null,
        null,
        null,
        1,
        1,
        null,
        null,
        1,
        1,
        null,
        null,
        1,
        2,
        null,
        null,
        1,
        1,
        null,
        null,
        1,
        2,
        null,
        null,
        1,
        1,
        null,
        null,
        1,
        19,
        null,
        null,
        1,
        1,
        1,
        null,
        null,
        1,
        18,
        null,
        null,
        1,
        0,
        0,
        null,
        null,
        1,
        18,
        null,
        null,
        1,
        107,
        107,
        null,
        null,
        1,
        18,
        null,
        null,
        1,
        107,
        107,
        null,
        null,
        1,
        18,
        null,
        null,
        1,
        107,
        107,
        null,
        null,
        1,
        18,
        null,
        null,
        1,
        107,
        107,
        null,
        null,
        1,
        18,
        null,
        null,
        1,
        107,
        107,
        null,
        null,
        1,
        36,
        null,
        null,
        1,
        107,
        107,
        null,
        null,
        1,
        36,
        null,
        null,
        1,
        107,
        107,
        null,
        null,
        1,
        18,
        null,
        null,
        1,
        107,
        107,
        null,
        null,
        1,
        18,
        null,
        null,
        1,
        107,
        107,
        null,
        null,
        1,
        18,
        null,
        null,
        1,
        107,
        107,
        null,
        null,
        1,
        36,
        null,
        null,
        1,
        0,
        0,
        null,
        null,
        1,
        36,
        null,
        null,
        1,
        2,
        2,
        null,
        null,
        null,
        1,
        4,
        null,
        null,
        1,
        1,
        1,
        1,
        null,
        null,
        1,
        1,
        null,
        null,
        1,
        1,
        1,
        1,
        null,
        null,
        1,
        2,
        null,
        null,
        1,
        2,
        null,
        null,
        1,
        1,
        1,
        1,
        null,
        null,
        1,
        1,
        null,
        null,
        1,
        1,
        1,
        null,
        null,
        null,
        null,
        1,
        107,
        107,
        107,
        null,
        107,
        107,
        107,
        107,
        null,
        107,
        107,
        107,
        107,
        107,
        107,
        null,
        107,
        107,
        107,
        107,
        107,
        107,
        107,
        107,
        null,
        null,
        1,
        107,
        107,
        null,
        null,
        1,
        107,
        null,
        null,
        1,
        null,
        107,
        107,
        107,
        107,
        107,
        null,
        107,
        107,
        107,
        107,
        107,
        null,
        107,
        null,
        null,
        1,
        null,
        null,
        1,
        107,
        107,
        null,
        null,
        null,
        1,
        0,
        null,
        null,
        1,
        255,
        255,
        null,
        null,
        1,
        10,
        null,
        null,
        null,
        null,
        null,
        1,
        2,
        null,
        null,
        1,
        null,
        6,
        null,
        null,
        1,
        2,
        2,
        null,
        2,
        1,
        1,
        0,
        0,
        null,
        null,
        1,
        null,
        null,
        null,
        1,
        0,
        0,
        0,
        0,
        null,
        null,
        null,
        1,
        0,
        0,
        0,
        null,
        null,
        null,
        null,
        1,
        null,
        0,
        null,
        null,
        null,
        null,
        null,
        1,
        0,
        null,
        null,
        1,
        0,
        0,
        0,
        null,
        null,
        1,
        0,
        null,
        null,
        1,
        0,
        0,
        0,
        null,
        null,
        1,
        0,
        null,
        null,
        1,
        0,
        0,
        0,
        null,
        null,
        1,
        0,
        null,
        null,
        1,
        0,
        0,
        0,
        null,
        null,
        1,
        null,
        0,
        0,
        null,
        null
      ],
      "/Users/chrismear/Development/Projects/oco/master/lib/one_click_orgs/cast_to_boolean.rb": [
        1,
        1,
        null,
        1,
        null,
        null,
        null,
        1,
        145,
        0,
        145,
        0,
        145,
        143,
        11,
        132,
        132,
        null,
        null,
        2,
        null,
        null,
        null,
        null,
        null
      ],
      "/Users/chrismear/Development/Projects/oco/master/app/models/organisation.rb": [
        1,
        1,
        null,
        1,
        null,
        1,
        1,
        null,
        1,
        null,
        1,
        1,
        null,
        1,
        null,
        1,
        null,
        1,
        1,
        1,
        null,
        1,
        1,
        1,
        null,
        null,
        null,
        null,
        null,
        1,
        40,
        40,
        null,
        null,
        1,
        1365,
        null,
        null,
        1,
        1163,
        null,
        null,
        1,
        612,
        612,
        null,
        null,
        1,
        0,
        null,
        null,
        null,
        null,
        1,
        222,
        222,
        212,
        null,
        10,
        null,
        null,
        null,
        1,
        224,
        1,
        null,
        223,
        null,
        null,
        null,
        1,
        0,
        null,
        null,
        1,
        0,
        null,
        null,
        1,
        0,
        null,
        null,
        1,
        0,
        null,
        null,
        1,
        null,
        null,
        1,
        null,
        null,
        1,
        null,
        null,
        1,
        48,
        null,
        null,
        null,
        null,
        1,
        0,
        null,
        null,
        null
      ],
      "/Users/chrismear/Development/Projects/oco/master/app/controllers/admin_controller.rb": [
        1,
        1,
        1,
        1,
        null,
        1,
        1,
        null,
        1,
        null,
        null
      ],
      "/Users/chrismear/Development/Projects/oco/master/app/controllers/administrator_sessions_controller.rb": [
        1,
        1,
        1,
        1,
        null,
        1,
        1,
        null,
        1,
        null,
        1,
        0,
        null,
        null,
        1,
        0,
        0,
        0,
        null,
        0,
        0,
        null,
        0,
        0,
        null,
        null,
        null,
        null
      ],
      "/Users/chrismear/Development/Projects/oco/master/app/controllers/associations_controller.rb": [
        1,
        1,
        1,
        1,
        1,
        null,
        1,
        null,
        1,
        null,
        1,
        2,
        2,
        null,
        null,
        2,
        null,
        null,
        null,
        null,
        1,
        2,
        2,
        null,
        2,
        null,
        null,
        2,
        0,
        null,
        2,
        0,
        null,
        2,
        0,
        null,
        null,
        null,
        2,
        2,
        2,
        0,
        null,
        null,
        2,
        2,
        0,
        null,
        null,
        null,
        null,
        2,
        0,
        0,
        0,
        null,
        null,
        null,
        2,
        null,
        2,
        2,
        null,
        2,
        null,
        2,
        0,
        null,
        2,
        null,
        null,
        null,
        1,
        null,
        null,
        null,
        1,
        5,
        1,
        null,
        null,
        null
      ],
      "/Users/chrismear/Development/Projects/oco/master/app/models/association.rb": [
        1,
        1,
        1,
        1,
        null,
        null,
        1,
        1,
        null,
        null,
        1,
        1,
        null,
        null,
        1,
        null,
        null,
        null,
        null,
        null,
        1,
        1,
        1,
        1,
        1,
        1,
        null,
        1,
        null,
        1,
        262,
        null,
        null,
        1,
        204,
        204,
        null,
        null,
        1,
        52,
        null,
        null,
        1,
        0,
        0,
        null,
        null,
        1,
        8,
        null,
        null,
        null,
        1,
        5,
        5,
        null,
        null,
        1,
        22,
        null,
        null,
        1,
        15,
        null,
        null,
        1,
        63,
        53,
        null,
        null,
        1,
        null,
        5,
        null,
        null,
        null,
        null,
        null,
        null,
        null,
        null,
        null,
        null,
        null,
        5,
        5,
        1,
        null,
        null,
        null,
        null,
        null,
        3,
        null,
        null,
        null,
        null,
        null,
        null,
        null,
        null,
        null,
        4,
        null,
        null,
        null,
        15,
        null,
        null,
        5,
        null,
        null,
        1,
        6,
        3,
        null,
        3,
        null,
        null,
        null,
        1,
        201,
        201,
        201,
        201,
        201,
        201,
        null,
        201,
        201,
        201,
        201,
        201,
        201,
        201,
        201,
        null,
        201,
        201,
        201,
        201,
        201,
        201,
        201,
        201,
        null,
        null,
        1,
        201,
        201,
        201,
        null,
        null,
        1,
        201,
        null,
        null,
        null,
        null,
        1,
        0,
        null,
        null,
        1,
        7,
        7,
        7,
        null,
        null,
        null,
        1,
        10,
        null,
        null
      ],
      "/Users/chrismear/Development/Projects/oco/master/app/controllers/ballots_controller.rb": [
        1,
        1,
        6,
        6,
        6,
        null,
        null,
        1,
        5,
        5,
        5,
        5,
        5,
        5,
        null,
        null,
        1,
        null,
        1,
        11,
        null,
        null
      ],
      "/Users/chrismear/Development/Projects/oco/master/app/models/ballot.rb": [
        null,
        null,
        null,
        null,
        null,
        1,
        1,
        null,
        1,
        null,
        1,
        null,
        1,
        33,
        null,
        null,
        1,
        6,
        6,
        null,
        0,
        null,
        null,
        null,
        1,
        271,
        2,
        null,
        269,
        null,
        null,
        null,
        1,
        6,
        5,
        null,
        1,
        null,
        null,
        null,
        1,
        5,
        5,
        null,
        5,
        4,
        null,
        null,
        5,
        null,
        null,
        1,
        1,
        null,
        1,
        null,
        null
      ],
      "/Users/chrismear/Development/Projects/oco/master/app/controllers/board_meetings_controller.rb": [
        1,
        1,
        3,
        null,
        null,
        1,
        4,
        4,
        4,
        4,
        null,
        null
      ],
      "/Users/chrismear/Development/Projects/oco/master/app/models/board_meeting.rb": [
        1,
        1,
        null,
        1,
        1,
        null,
        null,
        1,
        2,
        null,
        null,
        1,
        0,
        null,
        null
      ],
      "/Users/chrismear/Development/Projects/oco/master/app/models/meeting.rb": [
        1,
        1,
        null,
        1,
        null,
        1,
        null,
        1,
        1,
        null,
        1,
        null,
        1,
        null,
        null,
        3,
        null,
        3,
        null,
        1,
        1,
        null,
        null,
        null,
        null,
        null,
        1,
        3,
        0,
        null,
        null,
        3,
        6,
        6,
        null,
        null,
        null,
        1,
        2,
        null,
        null,
        1,
        27,
        null,
        null,
        1,
        36,
        null,
        null
      ],
      "/Users/chrismear/Development/Projects/oco/master/app/controllers/board_resolutions_controller.rb": [
        1,
        1,
        2,
        null,
        null,
        1,
        4,
        4,
        4,
        4,
        null,
        null
      ],
      "/Users/chrismear/Development/Projects/oco/master/app/models/board_resolution.rb": [
        1,
        null
      ],
      "/Users/chrismear/Development/Projects/oco/master/app/models/resolution.rb": [
        1,
        null,
        1,
        1,
        null,
        1,
        null,
        1,
        null,
        null,
        null,
        1,
        null,
        123,
        1,
        null,
        1,
        null,
        2,
        1,
        null,
        1,
        null,
        null,
        null,
        123,
        null,
        null,
        1,
        136,
        null,
        null,
        1,
        1,
        132,
        118,
        null,
        null,
        null,
        null,
        null,
        1,
        null,
        1,
        132,
        null,
        null,
        1,
        1,
        132,
        null,
        2,
        2,
        null,
        null,
        null,
        null,
        1,
        1,
        null,
        null,
        1,
        0,
        null,
        null,
        1,
        1,
        56,
        1,
        null,
        null,
        null,
        null,
        null,
        null,
        null,
        1,
        132,
        null,
        null,
        1,
        0,
        null,
        null,
        null
      ],
      "/Users/chrismear/Development/Projects/oco/master/app/controllers/change_meeting_notice_period_resolutions_controller.rb": [
        1,
        1,
        2,
        null,
        null,
        1,
        9,
        null,
        9,
        9,
        null,
        9,
        null,
        9,
        1,
        null,
        8,
        7,
        null,
        1,
        null,
        null,
        null,
        9,
        null,
        null
      ],
      "/Users/chrismear/Development/Projects/oco/master/app/models/change_meeting_notice_period_resolution.rb": [
        1,
        1,
        null,
        1,
        4,
        null,
        null,
        1,
        6,
        null,
        null,
        1,
        3,
        null,
        null,
        1,
        1,
        null,
        null,
        1,
        2,
        null,
        null,
        null
      ],
      "/Users/chrismear/Development/Projects/oco/master/app/controllers/change_member_class_proposals_controller.rb": [
        1,
        1,
        6,
        null,
        null,
        6,
        6,
        6,
        6,
        6,
        null,
        null,
        null,
        0,
        0,
        null,
        null,
        null
      ],
      "/Users/chrismear/Development/Projects/oco/master/app/models/change_member_class_proposal.rb": [
        1,
        1,
        null,
        1,
        1,
        6,
        null,
        null,
        1,
        1,
        6,
        null,
        null,
        1,
        null,
        null,
        null,
        0,
        0,
        0,
        0,
        null,
        null,
        1,
        1,
        6,
        6,
        6,
        null,
        null,
        1,
        6,
        null,
        null,
        1,
        6,
        null,
        null,
        1,
        0,
        null,
        null,
        1,
        6,
        null,
        null,
        1,
        6,
        null,
        null
      ],
      "/Users/chrismear/Development/Projects/oco/master/app/controllers/change_quorum_resolutions_controller.rb": [
        1,
        1,
        3,
        null,
        null,
        1,
        6,
        6,
        6,
        6,
        6,
        6,
        null,
        null
      ],
      "/Users/chrismear/Development/Projects/oco/master/app/models/change_quorum_resolution.rb": [
        1,
        1,
        null,
        1,
        2,
        null,
        null,
        1,
        5,
        null,
        null,
        1,
        2,
        null,
        null,
        1,
        5,
        null,
        null,
        1,
        4,
        null,
        null,
        1,
        2,
        2,
        null,
        null
      ],
      "/Users/chrismear/Development/Projects/oco/master/app/models/extraordinary_resolution.rb": [
        1,
        null
      ],
      "/Users/chrismear/Development/Projects/oco/master/app/controllers/comments_controller.rb": [
        1,
        1,
        11,
        6,
        null,
        5,
        null,
        0,
        null,
        0,
        null,
        null,
        11,
        0,
        0,
        null,
        null,
        11,
        11,
        null,
        11,
        null,
        0,
        null,
        0,
        null,
        6,
        null,
        5,
        null,
        null,
        11,
        11,
        null,
        null,
        0,
        null,
        null,
        null
      ],
      "/Users/chrismear/Development/Projects/oco/master/app/models/comment.rb": [
        1,
        1,
        null,
        1,
        null,
        1,
        1,
        null
      ],
      "/Users/chrismear/Development/Projects/oco/master/app/controllers/companies_controller.rb": [
        1,
        1,
        1,
        null,
        1,
        null,
        1,
        6,
        6,
        null,
        null,
        1,
        13,
        13,
        13,
        13,
        9,
        9,
        9,
        9,
        9,
        null,
        4,
        null,
        null,
        null
      ],
      "/Users/chrismear/Development/Projects/oco/master/app/models/company.rb": [
        1,
        1,
        null,
        1,
        null,
        1,
        0,
        null,
        null,
        1,
        0,
        null,
        null,
        1,
        0,
        null,
        null,
        1,
        27,
        27,
        27,
        27,
        27,
        27,
        null,
        null,
        1,
        27,
        null,
        null,
        1,
        27,
        null,
        null,
        1,
        1,
        1,
        1,
        1,
        null,
        null,
        null
      ],
      "/Users/chrismear/Development/Projects/oco/master/app/controllers/constitution_proposal_bundles_controller.rb": [
        1,
        1,
        18,
        null,
        15,
        null,
        null,
        15,
        null,
        15,
        15,
        null,
        1,
        1,
        null,
        0,
        null,
        1,
        null,
        14,
        null,
        null,
        0,
        0,
        null,
        null,
        null
      ],
      "/Users/chrismear/Development/Projects/oco/master/app/models/constitution_proposal_bundle.rb": [
        1,
        null,
        null,
        null,
        null,
        1,
        1,
        null,
        null,
        null,
        null,
        null,
        null,
        null,
        null,
        null,
        null,
        null,
        null,
        null,
        null,
        null,
        null,
        1,
        null,
        null,
        48,
        48,
        null,
        30,
        90,
        null,
        30,
        90,
        null,
        30,
        null,
        null,
        18,
        null,
        null,
        144,
        null,
        null,
        18,
        null,
        null,
        null,
        126,
        null,
        null,
        null,
        null,
        48,
        null,
        null,
        1,
        32,
        null,
        14,
        null,
        18,
        null,
        null,
        null,
        32,
        0,
        0,
        null,
        null,
        null,
        32,
        32,
        32,
        null,
        0,
        null,
        null,
        null,
        1,
        48,
        null,
        null,
        1,
        null,
        1,
        null,
        14,
        7,
        null,
        null,
        null,
        7,
        7,
        7,
        null,
        0,
        null,
        null,
        null,
        null,
        14,
        14,
        null,
        null,
        null,
        14,
        14,
        14,
        null,
        0,
        null,
        null,
        null,
        null,
        14,
        7,
        7,
        null,
        7,
        7,
        null,
        null,
        14,
        7,
        null,
        null,
        null,
        null,
        7,
        7,
        7,
        null,
        0,
        null,
        null,
        null,
        null,
        14,
        14,
        null,
        14,
        14,
        null,
        null,
        null,
        14,
        14,
        14,
        null,
        0,
        null,
        null,
        null,
        null,
        14,
        14,
        null,
        14,
        7,
        null,
        null,
        null,
        7,
        7,
        7,
        null,
        0,
        null,
        null,
        null,
        null,
        14,
        14,
        null,
        14,
        7,
        null,
        null,
        null,
        7,
        7,
        7,
        null,
        0,
        null,
        null,
        null,
        null,
        14,
        7,
        null,
        null,
        7,
        7,
        7,
        null,
        0,
        null,
        null,
        null,
        null,
        1,
        18,
        null,
        null,
        18,
        18,
        9,
        null,
        null,
        null,
        null,
        null,
        9,
        null,
        null,
        null,
        null,
        null,
        null,
        null,
        18,
        18,
        18,
        null,
        0,
        null,
        null,
        null,
        null,
        18,
        18,
        9,
        null,
        null,
        null,
        null,
        null,
        null,
        9,
        null,
        null,
        null,
        null,
        null,
        null,
        null,
        null,
        18,
        18,
        18,
        null,
        0,
        null,
        null,
        null,
        null,
        18,
        18,
        9,
        null,
        null,
        null,
        null,
        null,
        9,
        null,
        null,
        null,
        null,
        null,
        null,
        null,
        18,
        18,
        18,
        null,
        0,
        null,
        null,
        null,
        null,
        null,
        18,
        18,
        18,
        null,
        0,
        0,
        null,
        18,
        0,
        0,
        null,
        null,
        null,
        null,
        null,
        null,
        0,
        null,
        null,
        null,
        null,
        null,
        null,
        null,
        null,
        0,
        0,
        0,
        null,
        0,
        null,
        null,
        null,
        18,
        18,
        18,
        null,
        0,
        0,
        null,
        18,
        0,
        0,
        null,
        null,
        null,
        null,
        null,
        null,
        0,
        null,
        null,
        null,
        null,
        null,
        null,
        null,
        null,
        0,
        0,
        0,
        null,
        0,
        null,
        null,
        null,
        18,
        0,
        0,
        null,
        18,
        18,
        null,
        18,
        18,
        9,
        null,
        null,
        null,
        null,
        null,
        null,
        9,
        null,
        null,
        null,
        null,
        null,
        null,
        null,
        null,
        18,
        18,
        18,
        null,
        0,
        null,
        null,
        null,
        18,
        0,
        0,
        null,
        18,
        18,
        null,
        18,
        18,
        9,
        null,
        null,
        null,
        null,
        null,
        null,
        9,
        null,
        null,
        null,
        null,
        null,
        null,
        null,
        null,
        18,
        18,
        18,
        null,
        0,
        null,
        null,
        null,
        18,
        0,
        0,
        null,
        18,
        18,
        null,
        18,
        18,
        9,
        null,
        null,
        null,
        null,
        null,
        null,
        9,
        null,
        null,
        null,
        null,
        null,
        null,
        null,
        null,
        18,
        18,
        18,
        null,
        0,
        null,
        null,
        null,
        null,
        18,
        18,
        18,
        null,
        0,
        0,
        null,
        18,
        18,
        9,
        null,
        null,
        null,
        null,
        null,
        null,
        9,
        null,
        null,
        null,
        null,
        null,
        null,
        null,
        null,
        18,
        18,
        18,
        null,
        0,
        null,
        null,
        null,
        null,
        null,
        18,
        18,
        9,
        null,
        null,
        null,
        null,
        null,
        null,
        9,
        null,
        null,
        null,
        null,
        null,
        null,
        null,
        null,
        18,
        18,
        18,
        null,
        0,
        null,
        null,
        null,
        18,
        18,
        9,
        null,
        null,
        null,
        null,
        null,
        null,
        9,
        null,
        null,
        null,
        null,
        null,
        null,
        null,
        null,
        18,
        18,
        18,
        null,
        0,
        null,
        null,
        null,
        18,
        18,
        9,
        null,
        null,
        null,
        null,
        null,
        null,
        9,
        null,
        null,
        null,
        null,
        null,
        null,
        null,
        null,
        18,
        18,
        18,
        null,
        0,
        null,
        null,
        null,
        18,
        18,
        9,
        null,
        null,
        null,
        null,
        null,
        null,
        9,
        null,
        null,
        null,
        null,
        null,
        null,
        null,
        null,
        18,
        18,
        18,
        null,
        0,
        null,
        null,
        null,
        18,
        18,
        9,
        null,
        null,
        null,
        null,
        null,
        null,
        9,
        null,
        null,
        null,
        null,
        null,
        null,
        null,
        null,
        18,
        18,
        18,
        null,
        0,
        null,
        null,
        null,
        null,
        18,
        18,
        18,
        null,
        0,
        0,
        null,
        18,
        18,
        9,
        null,
        null,
        null,
        null,
        null,
        null,
        9,
        null,
        null,
        null,
        null,
        null,
        null,
        null,
        null,
        18,
        18,
        18,
        null,
        0,
        null,
        null,
        null,
        null
      ],
      "/Users/chrismear/Development/Projects/oco/master/lib/one_click_orgs/model_wrapper.rb": [
        1,
        null,
        1,
        1,
        1,
        1,
        1,
        1,
        null,
        1,
        75,
        75,
        75,
        null,
        null,
        null,
        null,
        1,
        null,
        null,
        1,
        null,
        1,
        0,
        null,
        null,
        1,
        0,
        null,
        null,
        1,
        80,
        458,
        null,
        null,
        null,
        1,
        5,
        5,
        null,
        null,
        1,
        0,
        null,
        null,
        1,
        0,
        null,
        null,
        1,
        0,
        null,
        null,
        1,
        5,
        5,
        5,
        null,
        null,
        1,
        null,
        null,
        null
      ],
      "/Users/chrismear/Development/Projects/oco/master/app/controllers/constitutions_controller.rb": [
        1,
        1,
        null,
        1,
        0,
        null,
        0,
        0,
        0,
        0,
        null,
        null,
        null,
        null,
        1,
        28,
        null,
        28,
        null,
        24,
        null,
        24,
        8,
        null,
        16,
        null,
        null,
        4,
        0,
        0,
        4,
        4,
        4,
        null,
        null,
        null,
        null,
        1,
        0,
        null,
        0,
        0,
        0,
        null,
        0,
        0,
        0,
        null,
        null,
        null
      ],
      "/Users/chrismear/Development/Projects/oco/master/app/models/constitution.rb": [
        null,
        null,
        null,
        null,
        null,
        null,
        null,
        1,
        null,
        1,
        494,
        null,
        null,
        1,
        1411,
        null,
        null,
        1,
        null,
        null,
        null,
        null,
        null,
        null,
        null,
        null,
        null,
        1,
        null,
        null,
        null,
        1,
        123,
        123,
        122,
        null,
        null,
        1,
        635,
        635,
        633,
        null,
        null,
        1,
        5,
        5,
        null,
        null,
        null,
        null,
        1,
        220,
        null,
        null,
        1,
        337,
        337,
        null,
        null,
        1,
        2,
        2,
        null,
        null
      ],
      "/Users/chrismear/Development/Projects/oco/master/app/controllers/coops_controller.rb": [
        1,
        1,
        1,
        null,
        1,
        null,
        1,
        4,
        4,
        null,
        null,
        1,
        7,
        7,
        null,
        7,
        7,
        null,
        7,
        7,
        null,
        7,
        null,
        7,
        null,
        null,
        null,
        null,
        7,
        null,
        7,
        null,
        7,
        null,
        null,
        1,
        0,
        0,
        null,
        0,
        0,
        null,
        null
      ],
      "/Users/chrismear/Development/Projects/oco/master/app/controllers/decisions_controller.rb": [
        1,
        1,
        0,
        0,
        null,
        null
      ],
      "/Users/chrismear/Development/Projects/oco/master/app/models/decision.rb": [
        1,
        1,
        null,
        1,
        null,
        1,
        14,
        null,
        null,
        1,
        1,
        null,
        null
      ],
      "/Users/chrismear/Development/Projects/oco/master/app/controllers/directors_controller.rb": [
        1,
        1,
        3,
        3,
        null,
        3,
        null,
        null,
        1,
        7,
        6,
        6,
        6,
        4,
        null,
        2,
        2,
        2,
        null,
        null,
        null,
        5,
        null,
        null,
        1,
        4,
        4,
        4,
        4,
        4,
        null,
        null
      ],
      "/Users/chrismear/Development/Projects/oco/master/app/models/director.rb": [
        null,
        null,
        null,
        null,
        1,
        1,
        null,
        1,
        null,
        1,
        null,
        1,
        null,
        1,
        0,
        0,
        null,
        null,
        null,
        1,
        0,
        0,
        null,
        null,
        null
      ],
      "/Users/chrismear/Development/Projects/oco/master/app/models/member.rb": [
        1,
        1,
        1,
        1,
        1,
        null,
        1,
        1,
        null,
        null,
        1,
        null,
        null,
        null,
        1,
        1,
        1,
        null,
        null,
        1,
        1,
        null,
        null,
        1,
        1,
        1,
        null,
        null,
        1,
        1,
        null,
        null,
        1,
        null,
        null,
        1,
        1,
        1,
        null,
        1,
        null,
        1,
        1,
        null,
        1,
        1,
        null,
        1,
        null,
        1,
        null,
        1,
        null,
        1,
        1,
        null,
        1,
        null,
        1,
        null,
        1,
        1,
        1,
        null,
        14,
        1,
        2,
        null,
        1,
        null,
        1,
        1,
        521,
        521,
        null,
        1,
        null,
        null,
        null,
        1,
        null,
        1,
        1,
        521,
        null,
        null,
        1,
        1,
        null,
        1,
        1,
        null,
        1,
        5,
        null,
        null,
        1,
        5,
        null,
        null,
        1,
        5,
        null,
        null,
        1,
        5,
        null,
        null,
        1,
        63,
        null,
        null,
        1,
        64,
        null,
        64,
        64,
        null,
        63,
        1,
        null,
        null,
        62,
        null,
        56,
        null,
        6,
        null,
        null,
        null,
        1,
        141,
        null,
        null,
        1,
        null,
        9,
        9,
        0,
        0,
        null,
        null,
        null,
        1,
        904,
        904,
        null,
        null,
        1,
        567,
        567,
        null,
        null,
        null,
        null,
        null,
        1,
        5,
        null,
        0,
        0,
        0,
        null,
        0,
        null,
        null,
        null,
        null,
        null,
        1,
        6,
        6,
        null,
        null,
        null,
        null,
        1,
        null,
        0,
        null,
        null,
        null,
        null,
        1,
        1,
        null,
        null,
        1,
        1,
        null,
        null,
        1,
        0,
        null,
        null,
        null,
        null,
        1,
        0,
        null,
        null
      ],
      "/Users/chrismear/Development/Projects/oco/master/lib/one_click_orgs/user_authentication.rb": [
        1,
        1,
        null,
        1,
        null,
        null,
        1,
        1,
        null,
        1,
        2,
        null,
        2,
        null,
        null,
        null,
        null,
        1,
        null,
        1,
        89,
        null,
        null,
        1,
        530,
        null,
        null,
        1,
        567,
        441,
        441,
        null,
        null,
        1,
        0,
        null,
        null,
        null,
        null,
        1,
        2,
        null,
        null,
        1,
        0,
        null,
        null,
        1,
        null,
        1,
        530,
        null,
        null,
        1,
        90,
        90,
        null,
        null,
        null,
        null,
        1,
        2,
        null,
        null,
        null,
        null
      ],
      "/Users/chrismear/Development/Projects/oco/master/lib/one_click_orgs/invitation_code.rb": [
        1,
        1,
        null,
        1,
        null,
        null,
        1,
        1,
        null,
        1,
        1,
        null,
        1,
        null,
        1,
        1,
        null,
        null,
        null,
        1,
        407,
        null,
        null,
        1,
        1,
        1,
        null,
        null,
        1,
        5,
        null,
        null,
        1,
        1,
        407,
        null,
        null,
        null,
        null
      ],
      "/Users/chrismear/Development/Projects/oco/master/lib/one_click_orgs/notification_consumer.rb": [
        1,
        1,
        1,
        null,
        1,
        1,
        null,
        null,
        null,
        null,
        null,
        null,
        null,
        1,
        7,
        0,
        null,
        7,
        null,
        null,
        null,
        1,
        4,
        4,
        0,
        null,
        4,
        null,
        null,
        null,
        null
      ],
      "/Users/chrismear/Development/Projects/oco/master/lib/vote_error.rb": [
        1,
        null
      ],
      "/Users/chrismear/Development/Projects/oco/master/app/controllers/directorships_controller.rb": [
        1,
        1,
        2,
        null,
        null,
        1,
        3,
        3,
        3,
        null,
        null,
        1,
        3,
        null,
        null,
        1,
        4,
        4,
        4,
        4,
        null,
        null
      ],
      "/Users/chrismear/Development/Projects/oco/master/app/models/directorship.rb": [
        1,
        null,
        1,
        1,
        null,
        1,
        null,
        1,
        null,
        1,
        1,
        null,
        1,
        0,
        null,
        null,
        1,
        1,
        null,
        null,
        1,
        1,
        57,
        55,
        2,
        2,
        null,
        53,
        null,
        53,
        53,
        null,
        53,
        null,
        3,
        null,
        5,
        null,
        null
      ],
      "/Users/chrismear/Development/Projects/oco/master/app/controllers/eject_member_proposals_controller.rb": [
        1,
        1,
        2,
        null,
        2,
        2,
        2,
        2,
        2,
        null,
        0,
        0,
        null,
        null,
        null
      ],
      "/Users/chrismear/Development/Projects/oco/master/app/models/eject_member_proposal.rb": [
        1,
        1,
        null,
        1,
        1,
        2,
        null,
        null,
        1,
        null,
        1,
        null,
        null,
        null,
        1,
        1,
        null,
        0,
        null,
        1,
        null,
        null,
        null,
        1,
        5,
        null,
        null,
        1,
        4,
        null,
        null
      ],
      "/Users/chrismear/Development/Projects/oco/master/app/controllers/found_association_proposals_controller.rb": [
        1,
        1,
        0,
        null,
        null,
        1,
        1,
        null,
        1,
        1,
        1,
        null,
        1,
        1,
        1,
        1,
        null,
        null,
        0,
        null,
        null,
        null
      ],
      "/Users/chrismear/Development/Projects/oco/master/app/models/found_association_proposal.rb": [
        null,
        null,
        1,
        1,
        1,
        15,
        1,
        null,
        null,
        null,
        1,
        1,
        8,
        null,
        null,
        1,
        1,
        8,
        null,
        null,
        1,
        8,
        null,
        null,
        1,
        8,
        null,
        null,
        1,
        0,
        null,
        null,
        null,
        1,
        null,
        null,
        6,
        6,
        22,
        null,
        null,
        6,
        26,
        26,
        26,
        11,
        null,
        null,
        null,
        6,
        6,
        null,
        null,
        1,
        23,
        null,
        null,
        1,
        18,
        null,
        null,
        1,
        0,
        null,
        null,
        1,
        8,
        null,
        null
      ],
      "/Users/chrismear/Development/Projects/oco/master/app/controllers/founder_members_controller.rb": [
        1,
        1,
        0,
        null,
        0,
        null,
        null,
        1,
        0,
        null,
        0,
        0,
        0,
        0,
        0,
        null,
        0,
        0,
        null,
        null,
        null
      ],
      "/Users/chrismear/Development/Projects/oco/master/app/models/founder_member.rb": [
        null,
        null,
        null,
        null,
        null,
        1,
        1,
        null
      ],
      "/Users/chrismear/Development/Projects/oco/master/app/controllers/founding_members_controller.rb": [
        1,
        1,
        0,
        null,
        0,
        null,
        null,
        1,
        7,
        null,
        7,
        7,
        7,
        3,
        3,
        3,
        null,
        4,
        4,
        null,
        null,
        null
      ],
      "/Users/chrismear/Development/Projects/oco/master/app/models/founding_member.rb": [
        null,
        null,
        null,
        null,
        null,
        1,
        1,
        null
      ],
      "/Users/chrismear/Development/Projects/oco/master/app/controllers/general_meetings_controller.rb": [
        1,
        1,
        4,
        null,
        4,
        4,
        0,
        null,
        null,
        4,
        null,
        null,
        1,
        3,
        3,
        3,
        null,
        null,
        1,
        3,
        null,
        null,
        1,
        4,
        4,
        null,
        null,
        1,
        3,
        3,
        3,
        null,
        null
      ],
      "/Users/chrismear/Development/Projects/oco/master/app/models/general_meeting.rb": [
        1,
        1,
        null,
        null,
        null,
        1,
        null,
        1,
        1,
        null,
        null,
        1,
        null,
        null,
        null,
        null,
        null,
        null,
        2,
        null,
        4,
        null,
        null,
        null,
        null,
        2,
        1,
        1,
        null,
        1,
        null,
        null,
        1,
        10,
        null,
        null,
        1,
        20,
        null,
        null,
        1,
        0,
        null,
        null,
        null,
        null,
        1,
        294,
        null,
        0,
        null,
        294,
        null,
        null,
        null,
        1,
        1,
        null,
        null,
        null
      ],
      "/Users/chrismear/Development/Projects/oco/master/app/controllers/invitations_controller.rb": [
        1,
        1,
        1,
        null,
        1,
        null,
        6,
        null,
        6,
        1,
        1,
        null,
        null,
        5,
        null,
        null,
        1,
        null,
        6,
        null,
        5,
        5,
        null,
        5,
        5,
        null,
        0,
        0,
        null,
        null,
        null
      ],
      "/Users/chrismear/Development/Projects/oco/master/app/models/invitation.rb": [
        1,
        null,
        null,
        null,
        null,
        null,
        null,
        1,
        1,
        19,
        null,
        19,
        11,
        null,
        null,
        null,
        1,
        5,
        null,
        null,
        1,
        5,
        null,
        null,
        1,
        5,
        5,
        null,
        null,
        5,
        0,
        null,
        0,
        null,
        null,
        null,
        null,
        0,
        null,
        null,
        5,
        null,
        0,
        null,
        null,
        null,
        1,
        null,
        1,
        19,
        19,
        null,
        null,
        1,
        null,
        null,
        null,
        null,
        null,
        null,
        null,
        null,
        1,
        10,
        null,
        null,
        1,
        26,
        null,
        null,
        1,
        11,
        11,
        10,
        null,
        null,
        null,
        null,
        null
      ],
      "/Users/chrismear/Development/Projects/oco/master/app/controllers/meetings_controller.rb": [
        1,
        1,
        3,
        3,
        null,
        null,
        1,
        7,
        null,
        7,
        1,
        1,
        null,
        null,
        6,
        6,
        null,
        null,
        1,
        10,
        1,
        1,
        null,
        null,
        null,
        null,
        9,
        9,
        null,
        9,
        null,
        9,
        5,
        null,
        4,
        null,
        4,
        null,
        4,
        null,
        null,
        null
      ],
      "/Users/chrismear/Development/Projects/oco/master/app/controllers/member_sessions_controller.rb": [
        1,
        1,
        1,
        1,
        1,
        null,
        1,
        null,
        1,
        1,
        null,
        null,
        1,
        90,
        90,
        86,
        null,
        86,
        86,
        null,
        4,
        4,
        null,
        null,
        null,
        1,
        2,
        2,
        2,
        null,
        null,
        1,
        null,
        1,
        1,
        null,
        null
      ],
      "/Users/chrismear/Development/Projects/oco/master/app/controllers/members_controller.rb": [
        1,
        null,
        1,
        null,
        1,
        null,
        null,
        null,
        null,
        1,
        9,
        null,
        3,
        3,
        3,
        3,
        0,
        null,
        null,
        4,
        null,
        4,
        4,
        null,
        2,
        2,
        2,
        0,
        0,
        null,
        null,
        null,
        9,
        9,
        9,
        0,
        null,
        9,
        0,
        null,
        null,
        null,
        null,
        1,
        2,
        2,
        2,
        null,
        2,
        2,
        null,
        null,
        null,
        1,
        0,
        null,
        null,
        1,
        0,
        0,
        0,
        null,
        null,
        0,
        0,
        0,
        0,
        null,
        null,
        1,
        null,
        null,
        1,
        2,
        2,
        1,
        null,
        null,
        1,
        3,
        3,
        3,
        3,
        2,
        2,
        null,
        2,
        null,
        0,
        null,
        0,
        null,
        null,
        0,
        0,
        null,
        null,
        null,
        1,
        0,
        0,
        null,
        null,
        1,
        0,
        0,
        0,
        null,
        null,
        1,
        0,
        null,
        null,
        1,
        3,
        3,
        3,
        null,
        3,
        null,
        null,
        null,
        null,
        3,
        3,
        null,
        3,
        null,
        null,
        1,
        null,
        null,
        null,
        null,
        null,
        1,
        0,
        null,
        null,
        0,
        null,
        null,
        null,
        0,
        null,
        0,
        0,
        0,
        0,
        null,
        null,
        null,
        0,
        null,
        0,
        null,
        null,
        0,
        null,
        null,
        null,
        null,
        null,
        null
      ],
      "/Users/chrismear/Development/Projects/oco/master/app/controllers/membership_application_forms_controller.rb": [
        1,
        1,
        1,
        null,
        null,
        1,
        3,
        null,
        3,
        3,
        3,
        null,
        3,
        null,
        null
      ],
      "/Users/chrismear/Development/Projects/oco/master/app/controllers/officerships_controller.rb": [
        1,
        1,
        4,
        4,
        null,
        null,
        1,
        3,
        3,
        3,
        null,
        null,
        1,
        3,
        null,
        null,
        1,
        3,
        3,
        3,
        null,
        null
      ],
      "/Users/chrismear/Development/Projects/oco/master/app/models/officership.rb": [
        1,
        null,
        null,
        null,
        null,
        null,
        null,
        null,
        null,
        null,
        null,
        null,
        null,
        1,
        1,
        null,
        1,
        null,
        1,
        null,
        1,
        1,
        null,
        1,
        null,
        1,
        0,
        null,
        null,
        1,
        0,
        null,
        null,
        null,
        null,
        null,
        null,
        null,
        null,
        null,
        1,
        10,
        null,
        null,
        null,
        null,
        null,
        1,
        1,
        12,
        4,
        null,
        null,
        null,
        1,
        1,
        12,
        4,
        4,
        4,
        null,
        null,
        null,
        null
      ],
      "/Users/chrismear/Development/Projects/oco/master/app/controllers/one_click_controller.rb": [
        1,
        1,
        0,
        null,
        null,
        1,
        null,
        13,
        null,
        13,
        null,
        13,
        null,
        5,
        0,
        0,
        null,
        5,
        null,
        5,
        null,
        null,
        null,
        null,
        10,
        null,
        6,
        6,
        6,
        null,
        null,
        null,
        23,
        null,
        2,
        0,
        0,
        null,
        2,
        null,
        null,
        null,
        null,
        0,
        null,
        2,
        null,
        null,
        null,
        1,
        0,
        0,
        null,
        null,
        null,
        null
      ],
      "/Users/chrismear/Development/Projects/oco/master/app/controllers/organisations_controller.rb": [
        1,
        1,
        1,
        null,
        1,
        null,
        1,
        null,
        null
      ],
      "/Users/chrismear/Development/Projects/oco/master/app/controllers/password_resets_controller.rb": [
        1,
        1,
        null,
        1,
        null,
        null,
        1,
        5,
        5,
        3,
        3,
        3,
        null,
        5,
        null,
        null,
        1,
        0,
        0,
        0,
        0,
        null,
        null,
        null,
        1,
        0,
        0,
        0,
        0,
        0,
        0,
        0,
        0,
        null,
        0,
        0,
        null,
        null,
        null
      ],
      "/Users/chrismear/Development/Projects/oco/master/app/controllers/proposals_controller.rb": [
        1,
        1,
        null,
        1,
        5,
        null,
        2,
        2,
        2,
        null,
        null,
        3,
        null,
        null,
        3,
        null,
        null,
        3,
        null,
        null,
        null,
        1,
        3,
        1,
        1,
        1,
        1,
        null,
        null,
        null,
        1,
        3,
        null,
        3,
        3,
        3,
        null,
        3,
        3,
        null,
        null,
        null,
        0,
        null,
        null,
        null,
        1,
        3,
        3,
        3,
        null,
        null
      ],
      "/Users/chrismear/Development/Projects/oco/master/app/controllers/registration_forms_controller.rb": [
        1,
        1,
        1,
        null,
        null,
        1,
        1,
        null,
        1,
        1,
        1,
        null,
        0,
        null,
        0,
        null,
        1,
        null,
        null,
        1,
        1,
        null,
        0,
        null,
        1,
        null,
        null
      ],
      "/Users/chrismear/Development/Projects/oco/master/app/controllers/resolution_proposals_controller.rb": [
        1,
        1,
        0,
        0,
        0,
        0,
        null,
        null,
        1,
        3,
        null,
        null,
        1,
        4,
        4,
        4,
        4,
        null,
        null,
        1,
        3,
        null,
        null,
        1,
        3,
        3,
        3,
        null,
        null,
        1,
        4,
        4,
        4,
        4,
        null,
        null,
        1,
        6,
        6,
        6,
        6,
        6,
        6,
        null,
        null
      ],
      "/Users/chrismear/Development/Projects/oco/master/app/models/resolution_proposal.rb": [
        null,
        null,
        null,
        null,
        null,
        null,
        1,
        1,
        null,
        1,
        null,
        1,
        8,
        8,
        null,
        6,
        null,
        null,
        8,
        null,
        8,
        null,
        8,
        8,
        8,
        null,
        8,
        2,
        4,
        null,
        null,
        null,
        8,
        1,
        null,
        null,
        8,
        null,
        null,
        1,
        1,
        null,
        null,
        1,
        1,
        117,
        null,
        17,
        1,
        16,
        16,
        null,
        null,
        null,
        1,
        118,
        null,
        null,
        1,
        118,
        null,
        null,
        1,
        0,
        null,
        null,
        1,
        118,
        null,
        null,
        null,
        null,
        1,
        41,
        null,
        null,
        1,
        107,
        null,
        null,
        1,
        27,
        null,
        null,
        1,
        107,
        null,
        null
      ],
      "/Users/chrismear/Development/Projects/oco/master/app/controllers/resolutions_controller.rb": [
        1,
        1,
        0,
        0,
        0,
        null,
        null,
        0,
        null,
        null,
        1,
        4,
        4,
        4,
        4,
        null,
        null,
        1,
        0,
        0,
        0,
        null,
        null
      ],
      "/Users/chrismear/Development/Projects/oco/master/app/controllers/setup_controller.rb": [
        1,
        1,
        1,
        1,
        1,
        1,
        1,
        1,
        null,
        1,
        null,
        1,
        4,
        4,
        null,
        null,
        1,
        3,
        3,
        3,
        3,
        3,
        3,
        3,
        null,
        0,
        0,
        null,
        null,
        null,
        1,
        4,
        4,
        4,
        4,
        null,
        null,
        1,
        null,
        1,
        12,
        1,
        null,
        null,
        null,
        null
      ],
      "/Users/chrismear/Development/Projects/oco/master/app/controllers/share_applications_controller.rb": [
        1,
        1,
        3,
        null,
        null,
        1,
        4,
        4,
        4,
        4,
        null,
        null
      ],
      "/Users/chrismear/Development/Projects/oco/master/app/models/share_application.rb": [
        1,
        null,
        null,
        null,
        1,
        1,
        1,
        null,
        1,
        null,
        1,
        5,
        null,
        5,
        null,
        5,
        1,
        null,
        null,
        null,
        1,
        0,
        0,
        0,
        null,
        null,
        1,
        1,
        1,
        1,
        null,
        null,
        1,
        1,
        null,
        null
      ],
      "/Users/chrismear/Development/Projects/oco/master/app/controllers/share_transactions_controller.rb": [
        1,
        null
      ],
      "/Users/chrismear/Development/Projects/oco/master/app/models/share_transaction.rb": [
        1,
        1,
        null,
        1,
        1,
        1,
        null,
        null,
        1,
        null,
        null,
        1,
        null,
        null,
        1,
        1,
        null,
        1,
        null,
        1,
        0,
        null,
        0,
        0,
        0,
        0,
        null,
        null,
        null
      ],
      "/Users/chrismear/Development/Projects/oco/master/app/controllers/shares_controller.rb": [
        1,
        1,
        1,
        null,
        null,
        1,
        1,
        null,
        null,
        1,
        2,
        null,
        2,
        2,
        2,
        null,
        null,
        2,
        null,
        null,
        1,
        1,
        null,
        null,
        1,
        2,
        null,
        2,
        2,
        2,
        null,
        null,
        2,
        null,
        null,
        1,
        1,
        null,
        null,
        1,
        2,
        null,
        2,
        2,
        2,
        null,
        null,
        2,
        null,
        null
      ],
      "/Users/chrismear/Development/Projects/oco/master/app/controllers/system_controller.rb": [
        1,
        1,
        1,
        1,
        null,
        1,
        0,
        0,
        null,
        0,
        0,
        null,
        null,
        null,
        1,
        0,
        null,
        null
      ],
      "/Users/chrismear/Development/Projects/oco/master/app/controllers/votes_controller.rb": [
        1,
        null,
        1,
        null,
        1,
        3,
        null,
        2,
        2,
        null,
        2,
        null,
        2,
        null,
        2,
        2,
        null,
        2,
        0,
        0,
        null,
        null,
        null,
        2,
        null,
        0,
        null,
        2,
        null,
        null,
        2,
        0,
        0,
        null,
        null,
        null,
        null,
        1,
        1,
        null,
        1,
        1,
        null,
        1,
        null,
        1,
        null,
        1,
        1,
        1,
        0,
        null,
        0,
        null,
        null,
        null,
        null,
        null,
        null,
        null,
        null,
        null,
        1,
        3,
        1,
        null,
        2,
        null,
        null,
        null,
        null
      ],
      "/Users/chrismear/Development/Projects/oco/master/app/models/vote.rb": [
        1,
        1,
        null,
        1,
        1,
        null,
        1,
        5,
        null,
        null,
        1,
        5,
        null,
        null,
        1,
        0,
        null,
        null
      ],
      "/Users/chrismear/Development/Projects/oco/master/app/controllers/welcome_controller.rb": [
        1,
        1,
        1,
        null,
        1,
        null,
        1,
        0,
        0,
        null,
        null,
        1,
        0,
        0,
        null,
        0,
        0,
        null,
        null,
        0,
        null,
        null,
        1,
        0,
        null,
        null
      ],
      "/Users/chrismear/Development/Projects/oco/master/app/mailers/decision_mailer.rb": [
        1,
        null,
        1,
        13,
        null,
        13,
        13,
        13,
        null,
        13,
        13,
        null,
        13,
        13,
        null,
        13,
        13,
        13,
        null,
        13,
        13,
        null,
        0,
        null,
        null,
        null,
        1,
        16,
        null,
        16,
        16,
        16,
        null,
        16,
        null,
        16,
        16,
        16,
        null,
        null
      ],
      "/Users/chrismear/Development/Projects/oco/master/app/mailers/oco_mailer.rb": [
        1,
        null,
        1,
        1,
        1,
        1,
        1,
        null,
        1,
        1,
        null,
        1,
        0,
        null,
        null,
        1,
        0,
        0,
        0,
        null,
        null,
        null,
        null,
        null,
        null,
        null,
        1,
        null,
        null,
        null,
        223,
        null,
        null,
        1,
        203,
        0,
        null,
        203,
        203,
        null,
        null,
        null,
        1,
        0,
        0,
        0,
        0,
        0,
        0,
        0,
        null,
        null,
        null
      ],
      "/Users/chrismear/Development/Projects/oco/master/lib/one_click_orgs/mail_helper.rb": [
        1,
        null,
        1,
        1,
        null,
        null,
        null,
        1,
        223,
        223,
        223,
[...]
        0,
        null,
        null,
        1,
        5,
        null,
        null
      ],
      "/Users/chrismear/Development/Projects/oco/master/app/models/change_text_proposal.rb": [
        null,
        null,
        null,
        1,
        1,
        null,
        1,
        1,
        3,
        null,
        null,
        1,
        1,
        null,
        null,
        1,
        7,
        0,
        null,
        null,
        null,
        1,
        2,
        null,
        null,
        1,
        2,
        null,
        null,
        1,
        2,
        null,
        null,
        1,
        2,
        null,
        null
      ],
      "/Users/chrismear/Development/Projects/oco/master/app/models/change_text_resolution.rb": [
        1,
        1,
        null,
        1,
        1,
        6,
        null,
        null,
        1,
        1,
        null,
        null,
        1,
        8,
        0,
        null,
        null,
        null,
        1,
        4,
        null,
        null,
        1,
        6,
        null,
        null,
        1,
        4,
        null,
        null,
        1,
        6,
        null,
        null
      ],
      "/Users/chrismear/Development/Projects/oco/master/app/models/change_voting_period_proposal.rb": [
        null,
        1,
        1,
        null,
        1,
        1,
        1,
        null,
        null,
        1,
        0,
        null,
        null,
        1,
        1,
        null,
        null,
        1,
        1,
        null,
        null
      ],
      "/Users/chrismear/Development/Projects/oco/master/app/models/change_voting_system_proposal.rb": [
        1,
        1,
        null,
        1,
        1,
        3,
        null,
        null,
        1,
        null,
        0,
        null,
        null,
        1,
        3,
        null,
        null,
        1,
        3,
        null,
        null,
        1,
        3,
        null,
        null,
        1,
        3,
        null,
        null
      ],
      "/Users/chrismear/Development/Projects/oco/master/app/models/clause.rb": [
        null,
        null,
        null,
        null,
        null,
        null,
        null,
        null,
        null,
        null,
        null,
        null,
        null,
        1,
        1,
        null,
        1,
        null,
        1,
        null,
        1,
        3657,
        0,
        null,
        null,
        null,
        1,
        null,
        1,
        1,
        1,
        2824,
        null,
        1,
        null,
        null,
        1,
        3653,
        null,
        null,
        1,
        1,
        null,
        1,
        2824,
        null,
        1,
        null,
        1,
        0,
        null,
        null,
        1,
        6,
        null,
        null,
        1,
        136,
        null,
        null,
        1,
        988,
        988,
        null,
        null,
        1,
        1729,
        null,
        null,
        1,
        2280,
        2280,
        null,
        null,
        1,
        129,
        null,
        null,
        1,
        264,
        264,
        null,
        null,
        1,
        0,
        null,
        null,
        1,
        8,
        8,
        null,
        null
      ],
      "/Users/chrismear/Development/Projects/oco/master/app/models/constitution_wrapper.rb": [
        1,
        1,
        null,
        1,
        1,
        null,
        1,
        null,
        1,
        null,
        null,
        null,
        null,
        null,
        null,
        null,
        null,
        1,
        null,
        null,
        4,
        null,
        2,
        6,
        null,
        2,
        null,
        6,
        null,
        null,
        null,
        2,
        null,
        null,
        2,
        null,
        null,
        16,
        null,
        null,
        2,
        null,
        null,
        14,
        null,
        null,
        null,
        null,
        1,
        2,
        null,
        1,
        null,
        1,
        null,
        1,
        0,
        null,
        1,
        null,
        1,
        0,
        null,
        null,
        1,
        1,
        null,
        1,
        1,
        null,
        1,
        1,
        null,
        null,
        1,
        1,
        null,
        null,
        1,
        1,
        1,
        null,
        1,
        1,
        null,
        0,
        null,
        1,
        0,
        null,
        null,
        1,
        1,
        null,
        0,
        null,
        1,
        0,
        null,
        null,
        1,
        0,
        null,
        1,
        null,
        1,
        1,
        null,
        null,
        1,
        0,
        null,
        1,
        null,
        1,
        1,
        null,
        null,
        1,
        0,
        null,
        1,
        null,
        1,
        1,
        null,
        null,
        1,
        1,
        null,
        0,
        null,
        null,
        1,
        1,
        null,
        null,
        1,
        1,
        1,
        1,
        1,
        null,
        1,
        1,
        null,
        0,
        null,
        1,
        1,
        null,
        null,
        null,
        null,
        2,
        null,
        null,
        1,
        21,
        null,
        null,
        1,
        2,
        null,
        null
      ],
      "/Users/chrismear/Development/Projects/oco/master/app/models/election.rb": [
        1,
        1,
        null,
        1,
        1,
        1,
        null,
        null,
        1,
        1,
        null,
        null,
        1,
        null,
        null,
        1,
        1,
        1,
        1,
        null,
        1,
        null,
        1,
        1,
        null,
        null,
        1,
        1,
        1,
        null,
        null,
        1,
        1,
        1,
        null,
        null,
        1,
        null,
        null,
        1,
        null,
        null,
        1,
        1,
        null,
        1,
        null,
        4,
        null,
        1,
        16,
        16,
        6,
        null,
        null,
        1,
        1,
        1,
        null,
        1,
        null,
        4,
        4,
        null,
        1,
        2,
        null,
        null,
        1,
        1,
        null,
        null,
        null,
        null,
        1,
        0,
        0,
        0,
        null,
        null,
        null
      ],
      "/Users/chrismear/Development/Projects/oco/master/app/models/meeting_participation.rb": [
        1,
        1,
        null,
        1,
        1,
        null
      ],
      "/Users/chrismear/Development/Projects/oco/master/app/models/member_class.rb": [
        1,
        1,
        null,
        1,
        1,
        null,
        1,
        null,
        1,
        2132,
        null,
        1,
        null,
        1,
        1724,
        null,
        null,
        1,
        6,
        null,
        null,
        6,
        42,
        null,
        null,
        1,
        null,
        1,
        3862,
        null,
        null
      ],
      "/Users/chrismear/Development/Projects/oco/master/app/models/member_state_transition.rb": [
        1,
        1,
        1,
        null
      ],
      "/Users/chrismear/Development/Projects/oco/master/app/models/nomination.rb": [
        1,
        1,
        null,
        1,
        1,
        1,
        null,
        null,
        1,
        1,
        null,
        null,
        null,
        1,
        1,
        null,
        1,
        null,
        1,
        null
      ],
      "/Users/chrismear/Development/Projects/oco/master/app/models/office.rb": [
        1,
        1,
        null,
        1,
        null,
        1,
        null,
        null,
        172,
        null,
        null,
        null,
        null,
        1,
        null,
        1,
        null
      ],
      "/Users/chrismear/Development/Projects/oco/master/app/models/resignation.rb": [
        1,
        1,
        null,
        1,
        null,
        1,
        1,
        null,
        null
      ],
      "/Users/chrismear/Development/Projects/oco/master/app/models/seen_notification.rb": [
        null,
        null,
        1,
        1,
        null,
        1,
        null
      ],
      "/Users/chrismear/Development/Projects/oco/master/app/models/setting.rb": [
        null,
        null,
        null,
        null,
        null,
        null,
        null,
        null,
        null,
        1,
        1,
        null,
        1,
        4295,
        4295,
        null,
        null,
        1,
        238,
        238,
        238,
        238,
        null,
        null
      ],
      "/Users/chrismear/Development/Projects/oco/master/app/models/share_account.rb": [
        1,
        1,
        1,
        1,
        null,
        1,
        13,
        null,
        null
      ],
      "/Users/chrismear/Development/Projects/oco/master/app/models/share_transaction_state_transition.rb": [
        1,
        1,
        1,
        null
      ],
      "/Users/chrismear/Development/Projects/oco/master/app/models/task.rb": [
        1,
        1,
        null,
        1,
        null,
        1,
        83,
        null,
        1,
        1,
        null,
        1,
        4,
        4,
        4,
        3,
        null,
        4,
        null,
        null,
        1,
        1,
        null,
        null
      ],
      "/Users/chrismear/Development/Projects/oco/master/app/models/voting_periods.rb": [
        1,
        1,
        null,
        1,
        81,
        81,
        null,
        4,
        4,
        0,
        null,
        4,
        null,
        77,
        0,
        0,
        0,
        null,
        0,
        null,
        null,
        77,
        77,
        2,
        null,
        75,
        null,
        null,
        null,
        null,
        1,
        12,
        2,
        null,
        null,
        null
      ],
      "/Users/chrismear/Development/Projects/oco/master/app/models/voting_systems.rb": [
        1,
        null,
        1,
        290,
        290,
        290,
        0,
        0,
        null,
        null,
        null,
        null,
        null,
        null,
        null,
        1,
        null,
        1,
        72,
        null,
        null,
        1,
        0,
        null,
        null,
        1,
        0,
        null,
        null,
        1,
        0,
        null,
        null,
        1,
        0,
        null,
        null,
        null,
        null,
        1,
        1,
        7,
        null,
        null,
        1,
        28,
        28,
        null,
        null,
        1,
        3,
        null,
        null,
        1,
        4,
        null,
        null,
        null,
        1,
        1,
        0,
        null,
        null,
        1,
        0,
        0,
        null,
        null,
        1,
        0,
        0,
        null,
        null,
        1,
        0,
        null,
        null,
        null,
        1,
        1,
        6,
        null,
        null,
        1,
        27,
        27,
        null,
        null,
        1,
        0,
        0,
        null,
        null,
        1,
        0,
        null,
        null,
        null,
        null,
        null,
        null,
        1,
        1,
        3,
        null,
        null,
        1,
        2,
        2,
        null,
        null,
        1,
        2,
        null,
        null,
        1,
        null,
        1,
        4,
        null,
        null,
        1,
        0,
        null,
        null,
        null,
        null,
        1,
        1,
        7,
        null,
        null,
        1,
        1,
        1,
        null,
        null,
        1,
        null,
        null,
        1,
        1,
        6,
        null,
        null,
        1,
        27,
        27,
        null,
        null,
        1,
        null,
        null,
        1,
        1,
        0,
        null,
        null,
        1,
        0,
        0,
        null,
        null,
        1,
        null,
        null,
        1,
        1,
        7,
        null,
        null,
        1,
        1,
        1,
        null,
        null,
        1,
        0,
        0,
        null,
        null,
        1,
        0,
        null,
        null,
        null,
        1,
        1,
        0,
        null,
        null,
        1,
        0,
        0,
        null,
        null,
        1,
        null,
        null,
        null,
        7,
        null,
        null,
        1,
        39,
        null,
        null,
        null,
        1,
        null,
        6,
        null,
        null,
        null,
        null,
        null,
        6,
        null,
        null,
        null,
        null,
        null,
        null
      ],
      "/Users/chrismear/Development/Projects/oco/master/app/observers/decision_mailer_observer.rb": [
        1,
        1,
        null,
        1,
        14,
        null,
        null,
        1,
        null,
        1,
        14,
        null,
        3,
        15,
        null,
        null,
        11,
        34,
        null,
        null,
        null,
        0,
        null,
        null
      ],
      "/Users/chrismear/Development/Projects/oco/master/app/observers/directorship_mailer_observer.rb": [
        1,
        1,
        null,
        1,
        114,
        null,
        null,
        1,
        null,
        1,
        114,
        null,
        114,
        null,
        null
      ],
      "/Users/chrismear/Development/Projects/oco/master/app/observers/election_task_observer.rb": [
        1,
        1,
        null,
        1,
        3,
        null,
        1,
        null,
        null,
        null,
        1,
        null,
        1,
        1,
        1,
        1,
        12,
        null,
        null,
        null
      ],
      "/Users/chrismear/Development/Projects/oco/master/app/observers/general_meeting_task_observer.rb": [
        1,
        1,
        null,
        null,
        1,
        7,
        null,
        null,
        1,
        9,
        2,
        null,
        null,
        null,
        1,
        null,
        1,
        7,
        7,
        null,
        7,
        null,
        null,
        1,
        2,
        2,
        null,
        2,
        null,
        null,
        null,
        null,
        1,
        null,
        null,
        null
      ],
      "/Users/chrismear/Development/Projects/oco/master/app/observers/meeting_mailer_observer.rb": [
        1,
        1,
        null,
        1,
        11,
        null,
        null,
        1,
        null,
        1,
        11,
        11,
        28,
        null,
        null,
        null,
        null,
        null
      ],
      "/Users/chrismear/Development/Projects/oco/master/app/observers/member_mailer_observer.rb": [
        1,
        1,
        null,
        1,
        349,
        null,
        170,
        151,
        19,
        18,
        null,
        null,
        179,
        null,
        null,
        null,
        1,
        12,
        null,
        5,
        null,
        3,
        1,
        null,
        null,
        null,
        0,
        null,
        3,
        11,
        null,
        null,
        null,
        null,
        1,
        198,
        10,
        null,
        null,
        null,
        1,
        2,
        2,
        null,
        2,
        null,
        null
      ],
      "/Users/chrismear/Development/Projects/oco/master/app/observers/member_observer.rb": [
        1,
        1,
        14,
        null,
        3,
        null,
        null,
        null
      ],
      "/Users/chrismear/Development/Projects/oco/master/app/observers/member_task_observer.rb": [
        1,
        1,
        null,
        1,
        349,
        null,
        170,
        5,
        null,
        null,
        null,
        null,
        1,
        null,
        1,
        5,
        5,
        null,
        2,
        null,
        null
      ],
      "/Users/chrismear/Development/Projects/oco/master/app/observers/member_timestamp_observer.rb": [
        1,
        1,
        null,
        1,
        null,
        605,
        13,
        null,
        null,
        null,
        1,
        12,
        null,
        5,
        null,
        null,
        null
      ],
      "/Users/chrismear/Development/Projects/oco/master/app/observers/officership_mailer_observer.rb": [
        1,
        1,
        null,
        1,
        56,
        null,
        null,
        1,
        null,
        1,
        56,
        null,
        5,
        null,
        null
      ],
      "/Users/chrismear/Development/Projects/oco/master/app/observers/proposal_mailer_observer.rb": [
        1,
        null,
        null,
        null,
        null,
        1,
        null,
        null,
        null,
        null,
        null,
        null,
        null,
        null,
        null,
        null,
        null,
        null,
        null,
        null,
        1,
        80,
        null,
        null,
        null,
        null,
        null,
        null,
        1,
        80,
        29,
        null,
        51,
        null,
        null,
        80,
        29,
        null,
        51,
        null,
        null,
        80,
        null,
        80,
        null,
        209,
        null,
        null,
        null
      ],
      "/Users/chrismear/Development/Projects/oco/master/app/observers/proposal_timestamp_observer.rb": [
        1,
        null,
        null,
        null,
        null,
        1,
        null,
        null,
        null,
        null,
        null,
        null,
        null,
        null,
        null,
        null,
        null,
        null,
        1,
        80,
        80,
        null,
        null,
        1,
        13,
        null,
        12,
        null,
        null,
        null,
        1,
        13,
        null,
        1,
        null,
        null,
        null,
        1,
        null,
        1,
        80,
        null,
        null,
        1,
        81,
        55,
        null,
        81,
        null,
        null,
        1,
        12,
        12,
        null,
        null
      ],
      "/Users/chrismear/Development/Projects/oco/master/app/observers/resolution_proposal_task_observer.rb": [
        1,
        1,
        null,
        1,
        19,
        null,
        null,
        1,
        null,
        1,
        19,
        19,
        null,
        19,
        null,
        null
      ],
      "/Users/chrismear/Development/Projects/oco/master/app/observers/share_transaction_mailer_observer.rb": [
        1,
        1,
        null,
        1,
        4,
        4,
        null,
        null,
        null,
        1,
        null,
        1,
        4,
        4,
        null,
        2,
        null,
        null
      ],
      "/Users/chrismear/Development/Projects/oco/master/app/observers/share_transaction_task_observer.rb": [
        1,
        1,
        null,
        1,
        4,
        4,
        null,
        null,
        null,
        1,
        null,
        1,
        4,
        4,
        null,
        null,
        1,
        4,
        4,
        null,
        null,
        1,
        4,
        4,
        null,
        2,
        null,
        null
      ],
      "/Users/chrismear/Development/Projects/oco/master/app/presenters/member_presenter.rb": [
        1,
        1,
        5,
        null,
        null,
        1,
        null,
        1,
        null,
        null,
        null,
        null,
        3,
        null,
        null
      ]
    },
    "timestamp": 1345243220
  }
}
